<?xml version="1.0" encoding="UTF-8"?>
<!-- Generated by org.testng.reporters.JUnitXMLReporter -->
<testsuite ignored="2" hostname="Geeta_Laptop" failures="0" tests="1" name="Default test" time="10.019" errors="0" timestamp="2025-09-20T14:31:59 IST">
  <testcase classname="com.qa.gorestapi.tests.CreateUserTest" name="createUserWithJSONFile" time="8.801"/>
  <testcase classname="com.qa.gorestapi.tests.CreateUserTest" name="createUserTest" time="0.0">
    <ignored/>
  </testcase> <!-- createUserTest -->
  <testcase classname="com.qa.gorestapi.tests.CreateUserTest" name="createUserWithBuilderTest" time="0.0">
    <ignored/>
  </testcase> <!-- createUserWithBuilderTest -->
</testsuite> <!-- Default test -->
