<?xml version="1.0" encoding="UTF-8"?>
<testng-results ignored="0" total="1" passed="1" failed="0" skipped="0">
  <reporter-output>
  </reporter-output>
  <suite started-at="2025-09-20T14:31:49 IST" name="Default suite" finished-at="2025-09-20T14:31:59 IST" duration-ms="10019">
    <groups>
    </groups>
    <test started-at="2025-09-20T14:31:49 IST" name="Default test" finished-at="2025-09-20T14:31:59 IST" duration-ms="10019">
      <class name="com.qa.gorestapi.tests.CreateUserTest">
        <test-method is-config="true" signature="setup()[pri:0, instance:com.qa.gorestapi.tests.CreateUserTest@9816741]" started-at="2025-09-20T14:31:49 IST" name="setup" finished-at="2025-09-20T14:31:50 IST" duration-ms="968" status="PASS">
          <reporter-output>
          </reporter-output>
        </test-method> <!-- setup -->
        <test-method signature="createUserWithJSONFile()[pri:0, instance:com.qa.gorestapi.tests.CreateUserTest@9816741]" started-at="2025-09-20T14:31:51 IST" name="createUserWithJSONFile" finished-at="2025-09-20T14:31:59 IST" duration-ms="8801" status="PASS">
          <reporter-output>
          </reporter-output>
        </test-method> <!-- createUserWithJSONFile -->
      </class> <!-- com.qa.gorestapi.tests.CreateUserTest -->
    </test> <!-- Default test -->
  </suite> <!-- Default suite -->
</testng-results>
