<?xml version="1.0" encoding="UTF-8"?>
<!-- Generated by org.testng.reporters.JUnitXMLReporter -->
<testsuite ignored="0" hostname="Geeta_Laptop" failures="0" tests="3" name="Create User Test" time="17.556" errors="0" timestamp="2025-09-16T15:21:05 IST">
  <testcase classname="com.qa.gorestapi.tests.CreateUserTest" name="createUserTest" time="4.953"/>
  <testcase classname="com.qa.gorestapi.tests.CreateUserTest" name="createUserWithBuilderTest" time="9.741"/>
  <testcase classname="com.qa.gorestapi.tests.CreateUserTest" name="createUserWithJSONFile" time="1.608"/>
</testsuite> <!-- Create User Test -->
