<?xml version="1.0" encoding="UTF-8"?>
<!-- Generated by org.testng.reporters.JUnitXMLReporter -->
<testsuite ignored="1" hostname="Geeta_Laptop" failures="0" tests="1" name="GET User Test" time="3.552" errors="0" timestamp="2025-09-16T15:21:08 IST">
  <testcase classname="com.qa.gorestapi.tests.GetUserTest" name="getAllUserTest" time="3.512"/>
  <testcase classname="com.qa.gorestapi.tests.GetUserTest" name="getSingleUserTest" time="0.0">
    <ignored/>
  </testcase> <!-- getSingleUserTest -->
</testsuite> <!-- GET User Test -->
